INFO:     Started server process [20068]
INFO:     Waiting for application startup.
INFO:     Application startup complete.
INFO:     Uvicorn running on http://127.0.0.1:8000 (Press CTRL+C to quit)
2025-11-20 17:36:36,772 INFO [memory_router] API drive listing drive=b!kNlLTkf9ikGEG8g48EeaRhVrn0n4Y2BMjYYJA5FcGONSgh-L1t6cRrNqFQwS8sYt path=/
2025-11-20 17:38:11,759 INFO [memory_router] Drive browse requested drive=b!kNlLTkf9ikGEG8g48EeaRhVrn0n4Y2BMjYYJA5FcGONSgh-L1t6cRrNqFQwS8sYt path=/
2025-11-20 17:38:19,163 INFO [httpx] HTTP Request: GET https://graph.microsoft.com/v1.0/drives/b!kNlLTkf9ikGEG8g48EeaRhVrn0n4Y2BMjYYJA5FcGONSgh-L1t6cRrNqFQwS8sYt/root:/Memory%20Router:/children "HTTP/1.1 200 OK"
2025-11-20 17:38:19,209 INFO [app.sharepoint_client] Listed 0 items for drive=b!kNlLTkf9ikGEG8g48EeaRhVrn0n4Y2BMjYYJA5FcGONSgh-L1t6cRrNqFQwS8sYt path=Memory Router
2025-11-20 17:38:23,052 INFO [httpx] HTTP Request: GET https://graph.microsoft.com/v1.0/drives/b!kNlLTkf9ikGEG8g48EeaRhVrn0n4Y2BMjYYJA5FcGONSgh-L1t6cRrNqFQwS8sYt "HTTP/1.1 200 OK"
2025-11-20 17:38:23,133 INFO [httpx] HTTP Request: GET https://graph.microsoft.com/v1.0/me/drives "HTTP/1.1 400 Bad Request"
2025-11-20 17:38:23,135 INFO [app.sharepoint_client] Discovered 1 drives accessible to the app
2025-11-20 17:38:26,215 INFO [memory_router] Drive browse requested drive=b!kNlLTkf9ikGEG8g48EeaRhVrn0n4Y2BMjYYJA5FcGONSgh-L1t6cRrNqFQwS8sYt path=/
2025-11-20 17:38:29,580 INFO [httpx] HTTP Request: GET https://graph.microsoft.com/v1.0/drives/b!kNlLTkf9ikGEG8g48EeaRhVrn0n4Y2BMjYYJA5FcGONSgh-L1t6cRrNqFQwS8sYt/root:/Memory%20Router:/children "HTTP/1.1 200 OK"
2025-11-20 17:38:29,589 INFO [app.sharepoint_client] Listed 0 items for drive=b!kNlLTkf9ikGEG8g48EeaRhVrn0n4Y2BMjYYJA5FcGONSgh-L1t6cRrNqFQwS8sYt path=Memory Router
2025-11-20 17:38:32,884 INFO [httpx] HTTP Request: GET https://graph.microsoft.com/v1.0/drives/b!kNlLTkf9ikGEG8g48EeaRhVrn0n4Y2BMjYYJA5FcGONSgh-L1t6cRrNqFQwS8sYt "HTTP/1.1 200 OK"
2025-11-20 17:38:32,951 INFO [httpx] HTTP Request: GET https://graph.microsoft.com/v1.0/me/drives "HTTP/1.1 400 Bad Request"
2025-11-20 17:38:32,952 INFO [app.sharepoint_client] Discovered 1 drives accessible to the app
2025-11-20 17:38:36,889 INFO [memory_router] API drive listing drive=b!kNlLTkf9ikGEG8g48EeaRhVrn0n4Y2BMjYYJA5FcGONSgh-L1t6cRrNqFQwS8sYt path=/
2025-11-20 17:38:41,133 INFO [httpx] HTTP Request: GET https://graph.microsoft.com/v1.0/drives/b!kNlLTkf9ikGEG8g48EeaRhVrn0n4Y2BMjYYJA5FcGONSgh-L1t6cRrNqFQwS8sYt/root:/Memory%20Router:/children "HTTP/1.1 200 OK"
2025-11-20 17:38:41,145 INFO [app.sharepoint_client] Listed 0 items for drive=b!kNlLTkf9ikGEG8g48EeaRhVrn0n4Y2BMjYYJA5FcGONSgh-L1t6cRrNqFQwS8sYt path=Memory Router
2025-11-20 17:38:45,929 INFO [memory_router] Drive browse requested drive=b!kNlLTkf9ikGEG8g48EeaRhVrn0n4Y2BMjYYJA5FcGONSgh-L1t6cRrNqFQwS8sYt path=/
2025-11-20 17:38:52,457 INFO [memory_router] Drive browse requested drive=b!kNlLTkf9ikGEG8g48EeaRhVrn0n4Y2BMjYYJA5FcGONSgh-L1t6cRrNqFQwS8sYt path=/
2025-11-20 17:38:56,827 INFO [httpx] HTTP Request: GET https://graph.microsoft.com/v1.0/drives/b!kNlLTkf9ikGEG8g48EeaRhVrn0n4Y2BMjYYJA5FcGONSgh-L1t6cRrNqFQwS8sYt/root/children "HTTP/1.1 200 OK"
2025-11-20 17:38:56,869 INFO [app.sharepoint_client] Listed 52 items for drive=b!kNlLTkf9ikGEG8g48EeaRhVrn0n4Y2BMjYYJA5FcGONSgh-L1t6cRrNqFQwS8sYt path=/
2025-11-20 17:39:00,320 INFO [httpx] HTTP Request: GET https://graph.microsoft.com/v1.0/drives/b!kNlLTkf9ikGEG8g48EeaRhVrn0n4Y2BMjYYJA5FcGONSgh-L1t6cRrNqFQwS8sYt/root/children "HTTP/1.1 200 OK"
2025-11-20 17:39:00,336 INFO [app.sharepoint_client] Listed 52 items for drive=b!kNlLTkf9ikGEG8g48EeaRhVrn0n4Y2BMjYYJA5FcGONSgh-L1t6cRrNqFQwS8sYt path=/
2025-11-20 17:39:05,214 INFO [httpx] HTTP Request: GET https://graph.microsoft.com/v1.0/drives/b!kNlLTkf9ikGEG8g48EeaRhVrn0n4Y2BMjYYJA5FcGONSgh-L1t6cRrNqFQwS8sYt "HTTP/1.1 200 OK"
2025-11-20 17:39:05,407 INFO [httpx] HTTP Request: GET https://graph.microsoft.com/v1.0/drives/b!kNlLTkf9ikGEG8g48EeaRhVrn0n4Y2BMjYYJA5FcGONSgh-L1t6cRrNqFQwS8sYt "HTTP/1.1 200 OK"
2025-11-20 17:39:05,570 INFO [httpx] HTTP Request: GET https://graph.microsoft.com/v1.0/me/drives "HTTP/1.1 400 Bad Request"
2025-11-20 17:39:05,573 INFO [httpx] HTTP Request: GET https://graph.microsoft.com/v1.0/me/drives "HTTP/1.1 400 Bad Request"
2025-11-20 17:39:05,578 INFO [app.sharepoint_client] Discovered 1 drives accessible to the app
2025-11-20 17:39:05,588 INFO [app.sharepoint_client] Discovered 1 drives accessible to the app
2025-11-20 17:39:06,497 INFO [memory_router] Drive browse requested drive=b!kNlLTkf9ikGEG8g48EeaRhVrn0n4Y2BMjYYJA5FcGONSgh-L1t6cRrNqFQwS8sYt path=/
2025-11-20 17:39:11,147 INFO [httpx] HTTP Request: GET https://graph.microsoft.com/v1.0/drives/b!kNlLTkf9ikGEG8g48EeaRhVrn0n4Y2BMjYYJA5FcGONSgh-L1t6cRrNqFQwS8sYt/root:/Memory%20Router:/children "HTTP/1.1 200 OK"
2025-11-20 17:39:11,186 INFO [app.sharepoint_client] Listed 0 items for drive=b!kNlLTkf9ikGEG8g48EeaRhVrn0n4Y2BMjYYJA5FcGONSgh-L1t6cRrNqFQwS8sYt path=Memory Router
2025-11-20 17:39:14,559 INFO [httpx] HTTP Request: GET https://graph.microsoft.com/v1.0/drives/b!kNlLTkf9ikGEG8g48EeaRhVrn0n4Y2BMjYYJA5FcGONSgh-L1t6cRrNqFQwS8sYt "HTTP/1.1 200 OK"
2025-11-20 17:39:14,635 INFO [httpx] HTTP Request: GET https://graph.microsoft.com/v1.0/me/drives "HTTP/1.1 400 Bad Request"
2025-11-20 17:39:14,638 INFO [app.sharepoint_client] Discovered 1 drives accessible to the app
2025-11-20 17:40:08,597 INFO [memory_router] Drive browse requested drive=b!kNlLTkf9ikGEG8g48EeaRhVrn0n4Y2BMjYYJA5FcGONSgh-L1t6cRrNqFQwS8sYt path=/
2025-11-20 17:40:13,795 INFO [httpx] HTTP Request: GET https://graph.microsoft.com/v1.0/drives/b!kNlLTkf9ikGEG8g48EeaRhVrn0n4Y2BMjYYJA5FcGONSgh-L1t6cRrNqFQwS8sYt/root:/Memory%20Router:/children "HTTP/1.1 200 OK"
2025-11-20 17:40:13,799 INFO [app.sharepoint_client] Listed 0 items for drive=b!kNlLTkf9ikGEG8g48EeaRhVrn0n4Y2BMjYYJA5FcGONSgh-L1t6cRrNqFQwS8sYt path=Memory Router
2025-11-20 17:40:18,967 INFO [httpx] HTTP Request: GET https://graph.microsoft.com/v1.0/drives/b!kNlLTkf9ikGEG8g48EeaRhVrn0n4Y2BMjYYJA5FcGONSgh-L1t6cRrNqFQwS8sYt "HTTP/1.1 200 OK"
2025-11-20 17:40:19,056 INFO [httpx] HTTP Request: GET https://graph.microsoft.com/v1.0/me/drives "HTTP/1.1 400 Bad Request"
2025-11-20 17:40:19,078 INFO [app.sharepoint_client] Discovered 1 drives accessible to the app
2025-11-20 17:42:03,451 INFO [memory_router] Drive browse requested drive=b!kNlLTkf9ikGEG8g48EeaRhVrn0n4Y2BMjYYJA5FcGONSgh-L1t6cRrNqFQwS8sYt path=/
2025-11-20 17:42:08,881 INFO [httpx] HTTP Request: GET https://graph.microsoft.com/v1.0/drives/b!kNlLTkf9ikGEG8g48EeaRhVrn0n4Y2BMjYYJA5FcGONSgh-L1t6cRrNqFQwS8sYt/root:/Memory%20Router:/children "HTTP/1.1 200 OK"
2025-11-20 17:42:08,922 INFO [app.sharepoint_client] Listed 0 items for drive=b!kNlLTkf9ikGEG8g48EeaRhVrn0n4Y2BMjYYJA5FcGONSgh-L1t6cRrNqFQwS8sYt path=Memory Router
2025-11-20 17:42:14,330 INFO [httpx] HTTP Request: GET https://graph.microsoft.com/v1.0/drives/b!kNlLTkf9ikGEG8g48EeaRhVrn0n4Y2BMjYYJA5FcGONSgh-L1t6cRrNqFQwS8sYt "HTTP/1.1 200 OK"
2025-11-20 17:42:14,375 INFO [httpx] HTTP Request: GET https://graph.microsoft.com/v1.0/me/drives "HTTP/1.1 400 Bad Request"
2025-11-20 17:42:14,378 INFO [app.sharepoint_client] Discovered 1 drives accessible to the app
2025-11-20 17:42:17,454 INFO [memory_router] Drive browse requested drive=b!kNlLTkf9ikGEG8g48EeaRhVrn0n4Y2BMjYYJA5FcGONSgh-L1t6cRrNqFQwS8sYt path=/
2025-11-20 17:42:22,751 INFO [httpx] HTTP Request: GET https://graph.microsoft.com/v1.0/drives/b!kNlLTkf9ikGEG8g48EeaRhVrn0n4Y2BMjYYJA5FcGONSgh-L1t6cRrNqFQwS8sYt/root/children "HTTP/1.1 200 OK"
2025-11-20 17:42:22,827 INFO [app.sharepoint_client] Listed 52 items for drive=b!kNlLTkf9ikGEG8g48EeaRhVrn0n4Y2BMjYYJA5FcGONSgh-L1t6cRrNqFQwS8sYt path=/
2025-11-20 17:42:27,358 INFO [memory_router] Drive browse requested drive=b!kNlLTkf9ikGEG8g48EeaRhVrn0n4Y2BMjYYJA5FcGONSgh-L1t6cRrNqFQwS8sYt path=/
2025-11-20 17:42:31,558 INFO [httpx] HTTP Request: GET https://graph.microsoft.com/v1.0/drives/b!kNlLTkf9ikGEG8g48EeaRhVrn0n4Y2BMjYYJA5FcGONSgh-L1t6cRrNqFQwS8sYt "HTTP/1.1 200 OK"
2025-11-20 17:42:31,892 INFO [httpx] HTTP Request: GET https://graph.microsoft.com/v1.0/me/drives "HTTP/1.1 400 Bad Request"
2025-11-20 17:42:31,894 INFO [app.sharepoint_client] Discovered 1 drives accessible to the app
2025-11-20 17:42:32,221 INFO [httpx] HTTP Request: GET https://graph.microsoft.com/v1.0/drives/b!kNlLTkf9ikGEG8g48EeaRhVrn0n4Y2BMjYYJA5FcGONSgh-L1t6cRrNqFQwS8sYt/root/children "HTTP/1.1 200 OK"
2025-11-20 17:42:32,255 INFO [app.sharepoint_client] Listed 52 items for drive=b!kNlLTkf9ikGEG8g48EeaRhVrn0n4Y2BMjYYJA5FcGONSgh-L1t6cRrNqFQwS8sYt path=/
2025-11-20 17:42:37,531 INFO [httpx] HTTP Request: GET https://graph.microsoft.com/v1.0/drives/b!kNlLTkf9ikGEG8g48EeaRhVrn0n4Y2BMjYYJA5FcGONSgh-L1t6cRrNqFQwS8sYt "HTTP/1.1 200 OK"
2025-11-20 17:42:37,840 INFO [httpx] HTTP Request: GET https://graph.microsoft.com/v1.0/me/drives "HTTP/1.1 400 Bad Request"
2025-11-20 17:42:37,842 INFO [app.sharepoint_client] Discovered 1 drives accessible to the app
2025-11-20 17:42:41,229 INFO [memory_router] Drive browse requested drive=b!kNlLTkf9ikGEG8g48EeaRhVrn0n4Y2BMjYYJA5FcGONSgh-L1t6cRrNqFQwS8sYt path=Memory Router
2025-11-20 17:42:47,143 INFO [httpx] HTTP Request: GET https://graph.microsoft.com/v1.0/drives/b!kNlLTkf9ikGEG8g48EeaRhVrn0n4Y2BMjYYJA5FcGONSgh-L1t6cRrNqFQwS8sYt/root:/Memory%20Router:/children "HTTP/1.1 200 OK"
2025-11-20 17:42:47,146 INFO [app.sharepoint_client] Listed 0 items for drive=b!kNlLTkf9ikGEG8g48EeaRhVrn0n4Y2BMjYYJA5FcGONSgh-L1t6cRrNqFQwS8sYt path=Memory Router
2025-11-20 17:42:52,989 INFO [httpx] HTTP Request: GET https://graph.microsoft.com/v1.0/drives/b!kNlLTkf9ikGEG8g48EeaRhVrn0n4Y2BMjYYJA5FcGONSgh-L1t6cRrNqFQwS8sYt "HTTP/1.1 200 OK"
2025-11-20 17:42:53,120 INFO [httpx] HTTP Request: GET https://graph.microsoft.com/v1.0/me/drives "HTTP/1.1 400 Bad Request"
2025-11-20 17:42:53,121 INFO [app.sharepoint_client] Discovered 1 drives accessible to the app
